{"total": {"lines":{"total":1746,"covered":830,"skipped":0,"pct":47.53},"statements":{"total":1746,"covered":830,"skipped":0,"pct":47.53},"functions":{"total":38,"covered":20,"skipped":0,"pct":52.63},"branches":{"total":125,"covered":84,"skipped":0,"pct":67.2},"branchesTrue":{"total":0,"covered":0,"skipped":0,"pct":100}}
,"/workspaces/hello-world-monorepo/packages/shared/src/index.ts": {"lines":{"total":8,"covered":0,"skipped":0,"pct":0},"functions":{"total":1,"covered":0,"skipped":0,"pct":0},"statements":{"total":8,"covered":0,"skipped":0,"pct":0},"branches":{"total":1,"covered":0,"skipped":0,"pct":0}}
,"/workspaces/hello-world-monorepo/packages/shared/src/auth/devAuth.ts": {"lines":{"total":14,"covered":0,"skipped":0,"pct":0},"functions":{"total":1,"covered":0,"skipped":0,"pct":0},"statements":{"total":14,"covered":0,"skipped":0,"pct":0},"branches":{"total":1,"covered":0,"skipped":0,"pct":0}}
,"/workspaces/hello-world-monorepo/packages/shared/src/auth/localOidc.ts": {"lines":{"total":58,"covered":0,"skipped":0,"pct":0},"functions":{"total":1,"covered":0,"skipped":0,"pct":0},"statements":{"total":58,"covered":0,"skipped":0,"pct":0},"branches":{"total":1,"covered":0,"skipped":0,"pct":0}}
,"/workspaces/hello-world-monorepo/packages/shared/src/contracts/commands.ts": {"lines":{"total":280,"covered":0,"skipped":0,"pct":0},"functions":{"total":1,"covered":0,"skipped":0,"pct":0},"statements":{"total":280,"covered":0,"skipped":0,"pct":0},"branches":{"total":1,"covered":0,"skipped":0,"pct":0}}
,"/workspaces/hello-world-monorepo/packages/shared/src/contracts/db.ts": {"lines":{"total":291,"covered":0,"skipped":0,"pct":0},"functions":{"total":1,"covered":0,"skipped":0,"pct":0},"statements":{"total":291,"covered":0,"skipped":0,"pct":0},"branches":{"total":1,"covered":0,"skipped":0,"pct":0}}
,"/workspaces/hello-world-monorepo/packages/shared/src/contracts/errors.ts": {"lines":{"total":31,"covered":0,"skipped":0,"pct":0},"functions":{"total":1,"covered":0,"skipped":0,"pct":0},"statements":{"total":31,"covered":0,"skipped":0,"pct":0},"branches":{"total":1,"covered":0,"skipped":0,"pct":0}}
,"/workspaces/hello-world-monorepo/packages/shared/src/fixtures/index.ts": {"lines":{"total":98,"covered":0,"skipped":0,"pct":0},"functions":{"total":1,"covered":0,"skipped":0,"pct":0},"statements":{"total":98,"covered":0,"skipped":0,"pct":0},"branches":{"total":1,"covered":0,"skipped":0,"pct":0}}
,"/workspaces/hello-world-monorepo/packages/shared/src/rules/characterCreation.ts": {"lines":{"total":721,"covered":599,"skipped":0,"pct":83.07},"functions":{"total":25,"covered":15,"skipped":0,"pct":60},"statements":{"total":721,"covered":599,"skipped":0,"pct":83.07},"branches":{"total":92,"covered":64,"skipped":0,"pct":69.56}}
,"/workspaces/hello-world-monorepo/packages/shared/src/rules/equipmentRoster.ts": {"lines":{"total":245,"covered":231,"skipped":0,"pct":94.28},"functions":{"total":6,"covered":5,"skipped":0,"pct":83.33},"statements":{"total":245,"covered":231,"skipped":0,"pct":94.28},"branches":{"total":26,"covered":20,"skipped":0,"pct":76.92}}
}
